\BOOKMARK [0][-]{chapter.1}{\376\377\000A\000l\000g\000o\000r\000i\000t\000h\000m\000e\000r}{}% 1
\BOOKMARK [1][-]{section.1.1}{\376\377\000H\000a\000s\000h\000m\000a\000p\000s\000\040\000/\000\040\000H\000a\000s\000h\000\040\000t\000a\000b\000l\000e\000s}{chapter.1}% 2
\BOOKMARK [2][-]{subsection.1.1.1}{\376\377\000k\000e\000y}{section.1.1}% 3
\BOOKMARK [2][-]{subsection.1.1.2}{\376\377\000i\000n\000d\000e\000x\000\040\000m\000a\000p\000p\000i\000n\000g\000\040\000\050\000\040\000t\000r\000i\000v\000i\000a\000l\000\040\000h\000a\000s\000h\000i\000n\000g\000\040\000\051}{section.1.1}% 4
\BOOKMARK [2][-]{subsection.1.1.3}{\376\377\000c\000o\000l\000l\000i\000s\000i\000o\000n}{section.1.1}% 5
\BOOKMARK [2][-]{subsection.1.1.4}{\376\377\000s\000e\000p\000e\000r\000a\000t\000e\000\040\000c\000h\000a\000i\000n\000i\000n\000g}{section.1.1}% 6
\BOOKMARK [2][-]{subsection.1.1.5}{\376\377\000O\000p\000e\000n\000\040\000a\000d\000d\000r\000e\000s\000s\000i\000n\000g}{section.1.1}% 7
\BOOKMARK [3][-]{subsubsection*.3}{\376\377\000l\000i\000n\000e\000a\000r\000\040\000p\000r\000o\000b\000i\000n\000g}{subsection.1.1.5}% 8
\BOOKMARK [3][-]{subsubsection*.4}{\376\377\000q\000u\000a\000d\000r\000a\000t\000i\000c\000\040\000p\000r\000o\000b\000i\000n\000g\000\040\000\050\000\040\000m\000i\000d\000-\000s\000q\000u\000a\000r\000e\000\040\000m\000e\000t\000h\000o\000d\000\040\000\051}{subsection.1.1.5}% 9
\BOOKMARK [3][-]{subsubsection*.5}{\376\377\000d\000o\000b\000b\000e\000l\000t\000\040\000h\000a\000s\000h\000i\000n\000g}{subsection.1.1.5}% 10
\BOOKMARK [2][-]{subsection.1.1.6}{\376\377\000u\000n\000i\000v\000e\000r\000s\000a\000l\000\040\000h\000a\000s\000h\000i\000n\000g}{section.1.1}% 11
\BOOKMARK [1][-]{section.1.2}{\376\377\000T\000i\000d\000s\000\040\000o\000g\000\040\000s\000t\000\370\000r\000r\000e\000l\000s\000e\000s\000\040\000k\000o\000m\000p\000l\000e\000k\000s\000i\000t\000e\000t}{chapter.1}% 12
\BOOKMARK [2][-]{subsection.1.2.1}{\376\377\000b\000i\000g\000\040\000O\000\040\000t\000h\000e\000t\000h\000a\000\040\000a\000n\000d\000\040\000o\000m\000e\000g\000a\000\040\000n\000o\000t\000a\000t\000i\000o\000n}{section.1.2}% 13
\BOOKMARK [2][-]{subsection.1.2.2}{\376\377\000l\000i\000t\000t\000l\000e\000\040\000o\000\040\000t\000h\000e\000t\000a\000\040\000a\000n\000d\000\040\000o\000m\000e\000g\000a\000\040\000n\000o\000t\000a\000t\000i\000o\000n}{section.1.2}% 14
\BOOKMARK [2][-]{subsection.1.2.3}{\376\377\000r\000e\000k\000u\000r\000s\000i\000v\000e\000\040\000f\000u\000n\000k\000t\000i\000o\000n\000e\000r}{section.1.2}% 15
\BOOKMARK [2][-]{subsection.1.2.4}{\376\377\000M\000a\000s\000t\000e\000r\000\040\000T\000h\000e\000o\000r\000e\000m}{section.1.2}% 16
\BOOKMARK [2][-]{subsection.1.2.5}{\376\377\000a\000l\000g\000o\000r\000i\000t\000m\000e\000\040\000c\000h\000e\000a\000t\000\040\000s\000h\000e\000e\000t}{section.1.2}% 17
\BOOKMARK [1][-]{section.1.3}{\376\377\000S\000o\000r\000t\000e\000r\000i\000n\000g\000s\000\040\000a\000l\000g\000o\000r\000i\000t\000h\000m\000e\000r}{chapter.1}% 18
\BOOKMARK [2][-]{subsection.1.3.1}{\376\377\000H\000e\000a\000p\000s\000o\000r\000t}{section.1.3}% 19
\BOOKMARK [2][-]{subsection.1.3.2}{\376\377\000Q\000u\000i\000c\000k\000\040\000s\000o\000r\000t}{section.1.3}% 20
\BOOKMARK [2][-]{subsection.1.3.3}{\376\377\000C\000o\000u\000n\000t\000\040\000s\000o\000r\000t}{section.1.3}% 21
\BOOKMARK [2][-]{subsection.1.3.4}{\376\377\000R\000a\000d\000i\000x\000\040\000s\000o\000r\000t}{section.1.3}% 22
\BOOKMARK [2][-]{subsection.1.3.5}{\376\377\000B\000u\000c\000k\000e\000t\000\040\000s\000o\000r\000t}{section.1.3}% 23
\BOOKMARK [1][-]{section.1.4}{\376\377\000p\000r\000g\000r\000a\000m\000m\000e\000r\000i\000n\000g\000s\000\040\000p\000a\000r\000a\000d\000i\000m\000e\000r}{chapter.1}% 24
\BOOKMARK [2][-]{subsection.1.4.1}{\376\377\000D\000y\000n\000a\000m\000i\000c\000\040\000p\000r\000o\000g\000r\000a\000m\000m\000i\000n\000g}{section.1.4}% 25
\BOOKMARK [3][-]{subsubsection*.6}{\376\377\000s\000u\000b\000p\000r\000o\000b\000l\000e\000m\000\040\000g\000r\000a\000f\000\040\000\050\000a\000f\000h\000\346\000n\000g\000l\000i\000g\000h\000e\000d\000s\000\040\000g\000r\000a\000f\000\051}{subsection.1.4.1}% 26
\BOOKMARK [2][-]{subsection.1.4.2}{\376\377\000G\000r\000e\000e\000d\000y\000\040\000a\000l\000g\000o\000r\000i\000t\000h\000m\000s}{section.1.4}% 27
\BOOKMARK [2][-]{subsection.1.4.3}{\376\377\000D\000i\000v\000i\000d\000e\000\040\000a\000n\000d\000\040\000C\000o\000n\000q\000u\000e\000r}{section.1.4}% 28
\BOOKMARK [1][-]{section.1.5}{\376\377\000B\000i\000n\000\346\000r\000\040\000t\000r\000\346\000e\000r}{chapter.1}% 29
\BOOKMARK [2][-]{subsection.1.5.1}{\376\377\000b\000i\000n\000\346\000r\000\040\000s\000\370\000g\000e\000\040\000t\000r\000\346}{section.1.5}% 30
\BOOKMARK [2][-]{subsection.1.5.2}{\376\377\000M\000a\000x\000\040\000H\000e\000a\000p\000\040\000/\000\040\000M\000i\000n\000\040\000H\000e\000a\000p}{section.1.5}% 31
\BOOKMARK [2][-]{subsection.1.5.3}{\376\377\000S\000o\000r\000t\000\040\000R\000\370\000d\000\040\000t\000r\000\346\000e\000r}{section.1.5}% 32
\BOOKMARK [1][-]{section.1.6}{\376\377\000G\000r\000a\000f\000\040\000t\000e\000o\000r\000i}{chapter.1}% 33
\BOOKMARK [2][-]{subsection.1.6.1}{\376\377\000F\000o\000r\000d\000-\000F\000u\000l\000k\000e\000r\000s\000o\000n\000\040\000A\000l\000g\000o\000r\000i\000t\000m\000e}{section.1.6}% 34
\BOOKMARK [2][-]{subsection.1.6.2}{\376\377\000m\000i\000n\000i\000m\000u\000m\000\040\000s\000p\000a\000n\000n\000i\000n\000g\000\040\000t\000r\000e\000e\000s\000.}{section.1.6}% 35
\BOOKMARK [3][-]{subsubsection*.7}{\376\377\000k\000r\000u\000s\000k\000a\000l\000s\000\040\000A\000l\000g\000o\000r\000i\000t\000m\000e}{subsection.1.6.2}% 36
\BOOKMARK [3][-]{subsubsection*.8}{\376\377\000p\000r\000i\000m\000s\000\040\000A\000l\000g\000o\000r\000i\000t\000m\000e}{subsection.1.6.2}% 37
\BOOKMARK [2][-]{subsection.1.6.3}{\376\377\000k\000o\000r\000t\000e\000s\000t\000e\000\040\000v\000e\000j\000\040\000\050\000\040\000s\000h\000o\000r\000t\000e\000s\000t\000\040\000p\000a\000t\000h\000\040\000\051\000\040\000A\000l\000g\000o\000r\000i\000t\000m\000e\000r}{section.1.6}% 38
\BOOKMARK [3][-]{subsubsection*.9}{\376\377\000b\000e\000l\000l\000m\000a\000n\000-\000f\000o\000r\000d}{subsection.1.6.3}% 39
\BOOKMARK [3][-]{subsubsection*.10}{\376\377\000d\000i\000j\000s\000k\000t\000r\000a}{subsection.1.6.3}% 40
